#
# A fatal error has been detected by the Java Runtime Environment:
#
#  EXCEPTION_ACCESS_VIOLATION (0xc0000005) at pc=0x00007ffa72c8d0c5, pid=9016, tid=1620
#
# JRE version: OpenJDK Runtime Environment (16.0.1+9) (build 16.0.1+9-24)
# Java VM: OpenJDK 64-Bit Server VM (16.0.1+9-24, mixed mode, tiered, compressed oops, compressed class ptrs, g1 gc, windows-amd64)
# Problematic frame:
# V  [jvm.dll+0x32d0c5]
#
# No core dump will be written. Minidumps are not enabled by default on client versions of Windows
#
# If you would like to submit a bug report, please visit:
#   https://bugreport.java.com/bugreport/crash.jsp
#

---------------  S U M M A R Y ------------

Command Line: -XX:+ShowCodeDetailsInExceptionMessages -agentlib:jdwp=transport=dt_socket,suspend=y,address=localhost:51786 -ea -Dfile.encoding=windows-1252 -Dstdout.encoding=windows-1252 -Dstderr.encoding=windows-1252 org.testng.remote.RemoteTestNG -serport 51785 -protocol json -d C:\eclipse-workspace\bddFramework\test-output C:\Users\Name\AppData\Local\Temp\testng-eclipse--23587496\testng-customsuite.xml

Host: Intel(R) Core(TM) i5-8300H CPU @ 2.30GHz, 8 cores, 7G,  Windows 10 , 64 bit Build 26100 (10.0.26100.4202)
Time: Mon Jul  7 14:47:16 2025 Eastern Daylight Time elapsed time: 390.519965 seconds (0d 0h 6m 30s)

---------------  T H R E A D  ---------------

Current thread (0x0000020f7c733c20):  VMThread "VM Thread" [stack: 0x000000fc38700000,0x000000fc38800000] [id=1620]

Stack: [0x000000fc38700000,0x000000fc38800000],  sp=0x000000fc387ff0d0,  free space=1020k
Native frames: (J=compiled Java code, j=interpreted, Vv=VM code, C=native code)
V  [jvm.dll+0x32d0c5]
V  [jvm.dll+0x32f612]
V  [jvm.dll+0x32fd1e]
V  [jvm.dll+0x32d39f]
V  [jvm.dll+0x32c627]
V  [jvm.dll+0x6572ce]
V  [jvm.dll+0x656fd3]
V  [jvm.dll+0x61c848]
V  [jvm.dll+0x7c1e55]
V  [jvm.dll+0x520b76]
V  [jvm.dll+0x7d05eb]
V  [jvm.dll+0x7d12e4]
V  [jvm.dll+0x7d17e9]
V  [jvm.dll+0x7d1aa4]
V  [jvm.dll+0x7d1b70]
V  [jvm.dll+0x779b4a]
V  [jvm.dll+0x667666]
C  [ucrtbase.dll+0x37b0]
C  [KERNEL32.DLL+0x2e8d7]
C  [ntdll.dll+0x3c34c]


siginfo: EXCEPTION_ACCESS_VIOLATION (0xc0000005), reading address 0xffffffffffffffff


Register to memory mapping:

RIP=0x00007ffa72c8d0c5 jvm.dll
RAX=0x0052b705150012cb is an unknown value
RBX=0x000000fc387ff370 points into unknown readable memory: 0x00007ffa732921f8 | f8 21 29 73 fa 7f 00 00
RCX=0x0000000000007c5f is an unknown value
RDX=0x0000000000000013 is an unknown value
RSP=0x000000fc387ff0d0 points into unknown readable memory: 0x000000fc387ff140 | 40 f1 7f 38 fc 00 00 00
RBP=0x0000000000000001 is an unknown value
RSI=0x0000000000000001 is an unknown value
RDI=0x0000020f7f707958 is pointing into metadata
R8 =0x0 is NULL
R9 =0x0000020f7f707958 is pointing into metadata
R10=0x000000fc387ff370 points into unknown readable memory: 0x00007ffa732921f8 | f8 21 29 73 fa 7f 00 00
R11=0x0000020f7d0ae770 points into unknown readable memory: 0x4700000147000000 | 00 00 00 47 01 00 00 47
R12=0x00007ffa72960000 jvm.dll
R13=0x0000020f7d0ae6f8 points into unknown readable memory: 0x000000277d1c1800 | 00 18 1c 7d 27 00 00 00
R14=0x0000020f7f707d29 is pointing into metadata
R15=0x0000000000000056 is an unknown value


Registers:
RAX=0x0052b705150012cb, RBX=0x000000fc387ff370, RCX=0x0000000000007c5f, RDX=0x0000000000000013
RSP=0x000000fc387ff0d0, RBP=0x0000000000000001, RSI=0x0000000000000001, RDI=0x0000020f7f707958
R8 =0x0000000000000000, R9 =0x0000020f7f707958, R10=0x000000fc387ff370, R11=0x0000020f7d0ae770
R12=0x00007ffa72960000, R13=0x0000020f7d0ae6f8, R14=0x0000020f7f707d29, R15=0x0000000000000056
RIP=0x00007ffa72c8d0c5, EFLAGS=0x0000000000010206

Top of Stack: (sp=0x000000fc387ff0d0)
0x000000fc387ff0d0:   000000fc387ff140 00007ffa72c90ca3
0x000000fc387ff0e0:   000000fc387ff140 00007ffa72a852ae
0x000000fc387ff0f0:   0000020f7f70a758 00007ffa72c90fe7
0x000000fc387ff100:   000000fc387ff370 00007ffa72c90f52
0x000000fc387ff110:   000002e2b378fbfe 00007ffa72c9086c
0x000000fc387ff120:   0000020f7f707d29 00000000000000b2
0x000000fc387ff130:   000000fc387ff370 00007ffa72c8f612
0x000000fc387ff140:   000000fc387ff1e0 000000fc387ff1e0
0x000000fc387ff150:   0000000000000001 00007ffa72ca2284
0x000000fc387ff160:   000000fc00000039 0000000000000001
0x000000fc387ff170:   0000000000000000 000000000000005f
0x000000fc387ff180:   000000fc387ff1e0 00007ffa72a852ae
0x000000fc387ff190:   0000020f7f70a758 000000fc387ff370
0x000000fc387ff1a0:   0000000000000056 00000000000000b2
0x000000fc387ff1b0:   000000fc387ff370 00007ffa72c8fd1e
0x000000fc387ff1c0:   000000fc387ff210 000000fc387ff210 

Instructions: (pc=0x00007ffa72c8d0c5)
0x00007ffa72c8cfc5:   42 8b 1c 81 4e 8d 34 81 8b 75 58 41 81 e0 ff ff
0x00007ffa72c8cfd5:   ff 00 41 81 c8 00 00 00 47 48 8b cd 45 89 06 c7
0x00007ffa72c8cfe5:   45 58 01 00 00 00 e8 b0 38 00 00 66 83 7c 24 68
0x00007ffa72c8cff5:   00 41 89 1e 89 75 58 74 40 8b 4c 24 70 49 ff c7
0x00007ffa72c8d005:   0f b7 c1 48 83 c7 08 4c 3b f8 0f 8c 4b ff ff ff
0x00007ffa72c8d015:   83 7d 5c 00 74 23 48 83 3d 0d a7 7a 00 00 74 15
0x00007ffa72c8d025:   80 7d 42 00 74 0f 48 8d 15 b6 04 5c 00 48 8b cd
0x00007ffa72c8d035:   e8 d6 42 00 00 c6 45 42 00 4c 8b 74 24 28 4c 8b
0x00007ffa72c8d045:   6c 24 30 4c 8b 64 24 38 48 8b 7c 24 40 48 8b 74
0x00007ffa72c8d055:   24 48 48 8b 5c 24 60 4c 8b 7c 24 20 48 83 c4 50
0x00007ffa72c8d065:   5d c3 cc cc cc cc cc cc cc cc cc 48 89 5c 24 10
0x00007ffa72c8d075:   48 89 6c 24 18 56 57 41 56 48 83 ec 50 48 8b 05
0x00007ffa72c8d085:   7f 3c 77 00 48 33 c4 48 89 44 24 40 48 8b 41 08
0x00007ffa72c8d095:   48 8b d9 41 8b e8 8b f2 45 33 c0 41 8b d1 48 8b
0x00007ffa72c8d0a5:   48 08 48 8b 79 08 48 8b cf e8 bd d4 f0 ff 8b d0
0x00007ffa72c8d0b5:   48 8b cf e8 e3 ff f0 ff 48 63 c8 48 8b 44 cf 48
0x00007ffa72c8d0c5:   0f be 48 06 e8 22 88 3b 00 8b 0d 54 a5 7a 00 48
0x00007ffa72c8d0d5:   8d 3d 51 a5 7a 00 8d 50 f4 83 fa 01 76 27 8d 50
0x00007ffa72c8d0e5:   f9 f7 c2 fb ff ff ff 74 13 83 f8 0e 48 8d 15 40
0x00007ffa72c8d0f5:   a5 7a 00 4c 8b d7 4c 0f 45 d2 eb 27 4c 8d 15 60
0x00007ffa72c8d105:   a5 7a 00 eb 1e 8b 84 24 90 00 00 00 4c 8d 54 24
0x00007ffa72c8d115:   30 25 ff ff ff 00 89 4c 24 34 0d 00 00 00 46 89
0x00007ffa72c8d125:   44 24 30 45 33 c0 85 f6 74 05 49 8b fa eb 29 41
0x00007ffa72c8d135:   8b 02 85 c0 74 22 49 8b d0 4d 8b c8 42 89 44 0c
0x00007ffa72c8d145:   20 48 8d 52 01 4c 8d 0c 95 00 00 00 00 41 ff c0
0x00007ffa72c8d155:   43 8b 04 11 85 c0 75 e4 85 ed 75 10 8b 05 ed 4d
0x00007ffa72c8d165:   74 00 49 63 d0 41 ff c0 89 44 94 20 49 63 c0 4c
0x00007ffa72c8d175:   8d 74 24 20 89 4c 84 20 8b 74 24 20 85 f6 74 4c
0x00007ffa72c8d185:   48 63 53 58 85 d2 7f 18 48 8d 15 bc db 57 00 48
0x00007ffa72c8d195:   8b cb e8 44 48 00 00 44 8b 05 91 a4 7a 00 eb 16
0x00007ffa72c8d1a5:   48 63 4b 20 8d 42 ff 89 43 58 48 03 ca 48 8b 43
0x00007ffa72c8d1b5:   48 44 8b 44 88 fc 8b d6 48 8b cb e8 6b f0 ff ff 


Stack slot to memory mapping:
stack at sp + 0 slots: 0x000000fc387ff140 points into unknown readable memory: 0x000000fc387ff1e0 | e0 f1 7f 38 fc 00 00 00
stack at sp + 1 slots: 0x00007ffa72c90ca3 jvm.dll
stack at sp + 2 slots: 0x000000fc387ff140 points into unknown readable memory: 0x000000fc387ff1e0 | e0 f1 7f 38 fc 00 00 00
stack at sp + 3 slots: 0x00007ffa72a852ae jvm.dll
stack at sp + 4 slots: {method} {0x0000020f7f70a760} 'readFromXml' '()V' in 'testCases/ReadXmlData'
stack at sp + 5 slots: 0x00007ffa72c90fe7 jvm.dll
stack at sp + 6 slots: 0x000000fc387ff370 points into unknown readable memory: 0x00007ffa732921f8 | f8 21 29 73 fa 7f 00 00
stack at sp + 7 slots: 0x00007ffa72c90f52 jvm.dll

VM_Operation (0x000000fc391ff2d0): get/set locals, mode: safepoint, requested by thread 0x0000020f7d1d74f0


---------------  P R O C E S S  ---------------

Threads class SMR info:
_java_thread_list=0x0000020f7e6fc880, length=16, elements={
0x0000020f7117eaf0, 0x0000020f7c777020, 0x0000020f7c777b30, 0x0000020f7c763dc0,
0x0000020f7d028020, 0x0000020f7d02a0c0, 0x0000020f7d02bb50, 0x0000020f7d04aff0,
0x0000020f7d04c4b0, 0x0000020f7d04d1f0, 0x0000020f7d1d74f0, 0x0000020f7d1e2210,
0x0000020f7d1e2f70, 0x0000020f7d1f2510, 0x0000020f7d20f980, 0x0000020f7e186020
}

Java Threads: ( => current thread )
  0x0000020f7117eaf0 JavaThread "main" [_thread_blocked, id=22764, stack(0x000000fc38100000,0x000000fc38200000)]
  0x0000020f7c777020 JavaThread "Reference Handler" daemon [_thread_blocked, id=5568, stack(0x000000fc38800000,0x000000fc38900000)]
  0x0000020f7c777b30 JavaThread "Finalizer" daemon [_thread_blocked, id=3020, stack(0x000000fc38900000,0x000000fc38a00000)]
  0x0000020f7c763dc0 JavaThread "Signal Dispatcher" daemon [_thread_blocked, id=14816, stack(0x000000fc38a00000,0x000000fc38b00000)]
  0x0000020f7d028020 JavaThread "Attach Listener" daemon [_thread_blocked, id=12048, stack(0x000000fc38b00000,0x000000fc38c00000)]
  0x0000020f7d02a0c0 JavaThread "Service Thread" daemon [_thread_blocked, id=11628, stack(0x000000fc38c00000,0x000000fc38d00000)]
  0x0000020f7d02bb50 JavaThread "Monitor Deflation Thread" daemon [_thread_blocked, id=11592, stack(0x000000fc38d00000,0x000000fc38e00000)]
  0x0000020f7d04aff0 JavaThread "C2 CompilerThread0" daemon [_thread_blocked, id=2224, stack(0x000000fc38e00000,0x000000fc38f00000)]
  0x0000020f7d04c4b0 JavaThread "C1 CompilerThread0" daemon [_thread_blocked, id=4188, stack(0x000000fc38f00000,0x000000fc39000000)]
  0x0000020f7d04d1f0 JavaThread "Sweeper thread" daemon [_thread_blocked, id=22516, stack(0x000000fc39000000,0x000000fc39100000)]
  0x0000020f7d1d74f0 JavaThread "JDWP Transport Listener: dt_socket" daemon [_thread_blocked, id=8612, stack(0x000000fc39100000,0x000000fc39200000)]
  0x0000020f7d1e2210 JavaThread "JDWP Event Helper Thread" daemon [_thread_blocked, id=4684, stack(0x000000fc39200000,0x000000fc39300000)]
  0x0000020f7d1e2f70 JavaThread "JDWP Command Reader" daemon [_thread_in_native, id=9584, stack(0x000000fc39300000,0x000000fc39400000)]
  0x0000020f7d1f2510 JavaThread "Notification Thread" daemon [_thread_blocked, id=5860, stack(0x000000fc39400000,0x000000fc39500000)]
  0x0000020f7d20f980 JavaThread "Common-Cleaner" daemon [_thread_blocked, id=1624, stack(0x000000fc39600000,0x000000fc39700000)]
  0x0000020f7e186020 JavaThread "ReaderThread" [_thread_in_native, id=13120, stack(0x000000fc39a00000,0x000000fc39b00000)]

Other Threads:
=>0x0000020f7c733c20 VMThread "VM Thread" [stack: 0x000000fc38700000,0x000000fc38800000] [id=1620]
  0x0000020f7d1f4e50 WatcherThread [stack: 0x000000fc39500000,0x000000fc39600000] [id=20596]
  0x0000020f711bbbb0 GCTaskThread "GC Thread#0" [stack: 0x000000fc38200000,0x000000fc38300000] [id=23224]
  0x0000020f7e293450 GCTaskThread "GC Thread#1" [stack: 0x000000fc39b00000,0x000000fc39c00000] [id=8268]
  0x0000020f7e2893e0 GCTaskThread "GC Thread#2" [stack: 0x000000fc39c00000,0x000000fc39d00000] [id=19984]
  0x0000020f7e2896f0 GCTaskThread "GC Thread#3" [stack: 0x000000fc39d00000,0x000000fc39e00000] [id=9800]
  0x0000020f7e289a00 GCTaskThread "GC Thread#4" [stack: 0x000000fc39e00000,0x000000fc39f00000] [id=24212]
  0x0000020f7e289d10 GCTaskThread "GC Thread#5" [stack: 0x000000fc39f00000,0x000000fc3a000000] [id=9024]
  0x0000020f7e37d040 GCTaskThread "GC Thread#6" [stack: 0x000000fc3a000000,0x000000fc3a100000] [id=1576]
  0x0000020f7e37d350 GCTaskThread "GC Thread#7" [stack: 0x000000fc3a100000,0x000000fc3a200000] [id=14044]
  0x0000020f711cf320 ConcurrentGCThread "G1 Main Marker" [stack: 0x000000fc38300000,0x000000fc38400000] [id=24536]
  0x0000020f711d1450 ConcurrentGCThread "G1 Conc#0" [stack: 0x000000fc38400000,0x000000fc38500000] [id=2800]
  0x0000020f7123c310 ConcurrentGCThread "G1 Refine#0" [stack: 0x000000fc38500000,0x000000fc38600000] [id=6732]
  0x0000020f7123cca0 ConcurrentGCThread "G1 Service" [stack: 0x000000fc38600000,0x000000fc38700000] [id=17440]

Threads with active compile tasks:

VM state: at safepoint (normal execution)

VM Mutex/Monitor currently owned by a thread:  ([mutex/lock_event])
[0x0000020f71179970] Threads_lock - owner thread: 0x0000020f7c733c20

Heap address: 0x0000000082600000, size: 2010 MB, Compressed Oops mode: 32-bit

CDS disabled.
Compressed class space mapped at: 0x0000000100000000-0x0000000140000000, reserved size: 1073741824
Narrow klass base: 0x0000000000000000, Narrow klass shift: 3, Narrow klass range: 0x140000000

GC Precious Log:
 CPUs: 8 total, 8 available
 Memory: 8034M
 Large Page Support: Disabled
 NUMA Support: Disabled
 Compressed Oops: Enabled (32-bit)
 Heap Region Size: 1M
 Heap Min Capacity: 8M
 Heap Initial Capacity: 126M
 Heap Max Capacity: 2010M
 Pre-touch: Disabled
 Parallel Workers: 8
 Concurrent Workers: 2
 Concurrent Refinement Workers: 8
 Periodic GC: Disabled

Heap:
 garbage-first heap   total 129024K, used 11793K [0x0000000082600000, 0x0000000100000000)
  region size 1024K, 9 young (9216K), 3 survivors (3072K)
 Metaspace       used 16082K, committed 16320K, reserved 1064960K
  class space    used 1611K, committed 1728K, reserved 1048576K

Heap Regions: E=young(eden), S=young(survivor), O=old, HS=humongous(starts), HC=humongous(continues), CS=collection set, F=free, OA=open archive, CA=closed archive, TAMS=top-at-mark-start (previous, next)
|   0|0x0000000082600000, 0x0000000082700000, 0x0000000082700000|100%|HS|  |TAMS 0x0000000082600000, 0x0000000082600000| Complete 
|   1|0x0000000082700000, 0x0000000082800000, 0x0000000082800000|100%| O|  |TAMS 0x0000000082700000, 0x0000000082700000| Untracked 
|   2|0x0000000082800000, 0x0000000082900000, 0x0000000082900000|100%| O|  |TAMS 0x0000000082800000, 0x0000000082800000| Untracked 
|   3|0x0000000082900000, 0x0000000082984608, 0x0000000082a00000| 51%| O|  |TAMS 0x0000000082900000, 0x0000000082900000| Untracked 
|   4|0x0000000082a00000, 0x0000000082a00000, 0x0000000082b00000|  0%| F|  |TAMS 0x0000000082a00000, 0x0000000082a00000| Untracked 
|   5|0x0000000082b00000, 0x0000000082b00000, 0x0000000082c00000|  0%| F|  |TAMS 0x0000000082b00000, 0x0000000082b00000| Untracked 
|   6|0x0000000082c00000, 0x0000000082c00000, 0x0000000082d00000|  0%| F|  |TAMS 0x0000000082c00000, 0x0000000082c00000| Untracked 
|   7|0x0000000082d00000, 0x0000000082d00000, 0x0000000082e00000|  0%| F|  |TAMS 0x0000000082d00000, 0x0000000082d00000| Untracked 
|   8|0x0000000082e00000, 0x0000000082e00000, 0x0000000082f00000|  0%| F|  |TAMS 0x0000000082e00000, 0x0000000082e00000| Untracked 
|   9|0x0000000082f00000, 0x0000000082f00000, 0x0000000083000000|  0%| F|  |TAMS 0x0000000082f00000, 0x0000000082f00000| Untracked 
|  10|0x0000000083000000, 0x0000000083000000, 0x0000000083100000|  0%| F|  |TAMS 0x0000000083000000, 0x0000000083000000| Untracked 
|  11|0x0000000083100000, 0x0000000083100000, 0x0000000083200000|  0%| F|  |TAMS 0x0000000083100000, 0x0000000083100000| Untracked 
|  12|0x0000000083200000, 0x0000000083200000, 0x0000000083300000|  0%| F|  |TAMS 0x0000000083200000, 0x0000000083200000| Untracked 
|  13|0x0000000083300000, 0x0000000083300000, 0x0000000083400000|  0%| F|  |TAMS 0x0000000083300000, 0x0000000083300000| Untracked 
|  14|0x0000000083400000, 0x0000000083400000, 0x0000000083500000|  0%| F|  |TAMS 0x0000000083400000, 0x0000000083400000| Untracked 
|  15|0x0000000083500000, 0x0000000083500000, 0x0000000083600000|  0%| F|  |TAMS 0x0000000083500000, 0x0000000083500000| Untracked 
|  16|0x0000000083600000, 0x0000000083600000, 0x0000000083700000|  0%| F|  |TAMS 0x0000000083600000, 0x0000000083600000| Untracked 
|  17|0x0000000083700000, 0x0000000083700000, 0x0000000083800000|  0%| F|  |TAMS 0x0000000083700000, 0x0000000083700000| Untracked 
|  18|0x0000000083800000, 0x0000000083800000, 0x0000000083900000|  0%| F|  |TAMS 0x0000000083800000, 0x0000000083800000| Untracked 
|  19|0x0000000083900000, 0x0000000083900000, 0x0000000083a00000|  0%| F|  |TAMS 0x0000000083900000, 0x0000000083900000| Untracked 
|  20|0x0000000083a00000, 0x0000000083a00000, 0x0000000083b00000|  0%| F|  |TAMS 0x0000000083a00000, 0x0000000083a00000| Untracked 
|  21|0x0000000083b00000, 0x0000000083b00000, 0x0000000083c00000|  0%| F|  |TAMS 0x0000000083b00000, 0x0000000083b00000| Untracked 
|  22|0x0000000083c00000, 0x0000000083c00000, 0x0000000083d00000|  0%| F|  |TAMS 0x0000000083c00000, 0x0000000083c00000| Untracked 
|  23|0x0000000083d00000, 0x0000000083d00000, 0x0000000083e00000|  0%| F|  |TAMS 0x0000000083d00000, 0x0000000083d00000| Untracked 
|  24|0x0000000083e00000, 0x0000000083e00000, 0x0000000083f00000|  0%| F|  |TAMS 0x0000000083e00000, 0x0000000083e00000| Untracked 
|  25|0x0000000083f00000, 0x0000000083f00000, 0x0000000084000000|  0%| F|  |TAMS 0x0000000083f00000, 0x0000000083f00000| Untracked 
|  26|0x0000000084000000, 0x0000000084000000, 0x0000000084100000|  0%| F|  |TAMS 0x0000000084000000, 0x0000000084000000| Untracked 
|  27|0x0000000084100000, 0x0000000084100000, 0x0000000084200000|  0%| F|  |TAMS 0x0000000084100000, 0x0000000084100000| Untracked 
|  28|0x0000000084200000, 0x0000000084200000, 0x0000000084300000|  0%| F|  |TAMS 0x0000000084200000, 0x0000000084200000| Untracked 
|  29|0x0000000084300000, 0x0000000084300000, 0x0000000084400000|  0%| F|  |TAMS 0x0000000084300000, 0x0000000084300000| Untracked 
|  30|0x0000000084400000, 0x0000000084400000, 0x0000000084500000|  0%| F|  |TAMS 0x0000000084400000, 0x0000000084400000| Untracked 
|  31|0x0000000084500000, 0x0000000084500000, 0x0000000084600000|  0%| F|  |TAMS 0x0000000084500000, 0x0000000084500000| Untracked 
|  32|0x0000000084600000, 0x0000000084600000, 0x0000000084700000|  0%| F|  |TAMS 0x0000000084600000, 0x0000000084600000| Untracked 
|  33|0x0000000084700000, 0x0000000084700000, 0x0000000084800000|  0%| F|  |TAMS 0x0000000084700000, 0x0000000084700000| Untracked 
|  34|0x0000000084800000, 0x0000000084800000, 0x0000000084900000|  0%| F|  |TAMS 0x0000000084800000, 0x0000000084800000| Untracked 
|  35|0x0000000084900000, 0x0000000084900000, 0x0000000084a00000|  0%| F|  |TAMS 0x0000000084900000, 0x0000000084900000| Untracked 
|  36|0x0000000084a00000, 0x0000000084a00000, 0x0000000084b00000|  0%| F|  |TAMS 0x0000000084a00000, 0x0000000084a00000| Untracked 
|  37|0x0000000084b00000, 0x0000000084b00000, 0x0000000084c00000|  0%| F|  |TAMS 0x0000000084b00000, 0x0000000084b00000| Untracked 
|  38|0x0000000084c00000, 0x0000000084c00000, 0x0000000084d00000|  0%| F|  |TAMS 0x0000000084c00000, 0x0000000084c00000| Untracked 
|  39|0x0000000084d00000, 0x0000000084d00000, 0x0000000084e00000|  0%| F|  |TAMS 0x0000000084d00000, 0x0000000084d00000| Untracked 
|  40|0x0000000084e00000, 0x0000000084e00000, 0x0000000084f00000|  0%| F|  |TAMS 0x0000000084e00000, 0x0000000084e00000| Untracked 
|  41|0x0000000084f00000, 0x0000000084f00000, 0x0000000085000000|  0%| F|  |TAMS 0x0000000084f00000, 0x0000000084f00000| Untracked 
|  42|0x0000000085000000, 0x0000000085000000, 0x0000000085100000|  0%| F|  |TAMS 0x0000000085000000, 0x0000000085000000| Untracked 
|  43|0x0000000085100000, 0x0000000085100000, 0x0000000085200000|  0%| F|  |TAMS 0x0000000085100000, 0x0000000085100000| Untracked 
|  44|0x0000000085200000, 0x0000000085200000, 0x0000000085300000|  0%| F|  |TAMS 0x0000000085200000, 0x0000000085200000| Untracked 
|  45|0x0000000085300000, 0x0000000085300000, 0x0000000085400000|  0%| F|  |TAMS 0x0000000085300000, 0x0000000085300000| Untracked 
|  46|0x0000000085400000, 0x0000000085400000, 0x0000000085500000|  0%| F|  |TAMS 0x0000000085400000, 0x0000000085400000| Untracked 
|  47|0x0000000085500000, 0x0000000085500000, 0x0000000085600000|  0%| F|  |TAMS 0x0000000085500000, 0x0000000085500000| Untracked 
|  48|0x0000000085600000, 0x0000000085600000, 0x0000000085700000|  0%| F|  |TAMS 0x0000000085600000, 0x0000000085600000| Untracked 
|  49|0x0000000085700000, 0x0000000085700000, 0x0000000085800000|  0%| F|  |TAMS 0x0000000085700000, 0x0000000085700000| Untracked 
|  50|0x0000000085800000, 0x0000000085800000, 0x0000000085900000|  0%| F|  |TAMS 0x0000000085800000, 0x0000000085800000| Untracked 
|  51|0x0000000085900000, 0x0000000085900000, 0x0000000085a00000|  0%| F|  |TAMS 0x0000000085900000, 0x0000000085900000| Untracked 
|  52|0x0000000085a00000, 0x0000000085a00000, 0x0000000085b00000|  0%| F|  |TAMS 0x0000000085a00000, 0x0000000085a00000| Untracked 
|  53|0x0000000085b00000, 0x0000000085b00000, 0x0000000085c00000|  0%| F|  |TAMS 0x0000000085b00000, 0x0000000085b00000| Untracked 
|  54|0x0000000085c00000, 0x0000000085c00000, 0x0000000085d00000|  0%| F|  |TAMS 0x0000000085c00000, 0x0000000085c00000| Untracked 
|  55|0x0000000085d00000, 0x0000000085d00000, 0x0000000085e00000|  0%| F|  |TAMS 0x0000000085d00000, 0x0000000085d00000| Untracked 
|  56|0x0000000085e00000, 0x0000000085e00000, 0x0000000085f00000|  0%| F|  |TAMS 0x0000000085e00000, 0x0000000085e00000| Untracked 
|  57|0x0000000085f00000, 0x0000000085f00000, 0x0000000086000000|  0%| F|  |TAMS 0x0000000085f00000, 0x0000000085f00000| Untracked 
|  58|0x0000000086000000, 0x0000000086000000, 0x0000000086100000|  0%| F|  |TAMS 0x0000000086000000, 0x0000000086000000| Untracked 
|  59|0x0000000086100000, 0x0000000086100000, 0x0000000086200000|  0%| F|  |TAMS 0x0000000086100000, 0x0000000086100000| Untracked 
|  60|0x0000000086200000, 0x0000000086200000, 0x0000000086300000|  0%| F|  |TAMS 0x0000000086200000, 0x0000000086200000| Untracked 
|  61|0x0000000086300000, 0x0000000086300000, 0x0000000086400000|  0%| F|  |TAMS 0x0000000086300000, 0x0000000086300000| Untracked 
|  62|0x0000000086400000, 0x0000000086400000, 0x0000000086500000|  0%| F|  |TAMS 0x0000000086400000, 0x0000000086400000| Untracked 
|  63|0x0000000086500000, 0x0000000086500000, 0x0000000086600000|  0%| F|  |TAMS 0x0000000086500000, 0x0000000086500000| Untracked 
|  64|0x0000000086600000, 0x0000000086600000, 0x0000000086700000|  0%| F|  |TAMS 0x0000000086600000, 0x0000000086600000| Untracked 
|  65|0x0000000086700000, 0x0000000086700000, 0x0000000086800000|  0%| F|  |TAMS 0x0000000086700000, 0x0000000086700000| Untracked 
|  66|0x0000000086800000, 0x0000000086800000, 0x0000000086900000|  0%| F|  |TAMS 0x0000000086800000, 0x0000000086800000| Untracked 
|  67|0x0000000086900000, 0x0000000086900000, 0x0000000086a00000|  0%| F|  |TAMS 0x0000000086900000, 0x0000000086900000| Untracked 
|  68|0x0000000086a00000, 0x0000000086a00000, 0x0000000086b00000|  0%| F|  |TAMS 0x0000000086a00000, 0x0000000086a00000| Untracked 
|  69|0x0000000086b00000, 0x0000000086b00000, 0x0000000086c00000|  0%| F|  |TAMS 0x0000000086b00000, 0x0000000086b00000| Untracked 
|  70|0x0000000086c00000, 0x0000000086c00000, 0x0000000086d00000|  0%| F|  |TAMS 0x0000000086c00000, 0x0000000086c00000| Untracked 
|  71|0x0000000086d00000, 0x0000000086d00000, 0x0000000086e00000|  0%| F|  |TAMS 0x0000000086d00000, 0x0000000086d00000| Untracked 
|  72|0x0000000086e00000, 0x0000000086e00000, 0x0000000086f00000|  0%| F|  |TAMS 0x0000000086e00000, 0x0000000086e00000| Untracked 
|  73|0x0000000086f00000, 0x0000000086f00000, 0x0000000087000000|  0%| F|  |TAMS 0x0000000086f00000, 0x0000000086f00000| Untracked 
|  74|0x0000000087000000, 0x0000000087000000, 0x0000000087100000|  0%| F|  |TAMS 0x0000000087000000, 0x0000000087000000| Untracked 
|  75|0x0000000087100000, 0x0000000087100000, 0x0000000087200000|  0%| F|  |TAMS 0x0000000087100000, 0x0000000087100000| Untracked 
|  76|0x0000000087200000, 0x0000000087200000, 0x0000000087300000|  0%| F|  |TAMS 0x0000000087200000, 0x0000000087200000| Untracked 
|  77|0x0000000087300000, 0x0000000087300000, 0x0000000087400000|  0%| F|  |TAMS 0x0000000087300000, 0x0000000087300000| Untracked 
|  78|0x0000000087400000, 0x0000000087400000, 0x0000000087500000|  0%| F|  |TAMS 0x0000000087400000, 0x0000000087400000| Untracked 
|  79|0x0000000087500000, 0x0000000087500000, 0x0000000087600000|  0%| F|  |TAMS 0x0000000087500000, 0x0000000087500000| Untracked 
|  80|0x0000000087600000, 0x0000000087600000, 0x0000000087700000|  0%| F|  |TAMS 0x0000000087600000, 0x0000000087600000| Untracked 
|  81|0x0000000087700000, 0x0000000087700000, 0x0000000087800000|  0%| F|  |TAMS 0x0000000087700000, 0x0000000087700000| Untracked 
|  82|0x0000000087800000, 0x0000000087800000, 0x0000000087900000|  0%| F|  |TAMS 0x0000000087800000, 0x0000000087800000| Untracked 
|  83|0x0000000087900000, 0x0000000087900000, 0x0000000087a00000|  0%| F|  |TAMS 0x0000000087900000, 0x0000000087900000| Untracked 
|  84|0x0000000087a00000, 0x0000000087a00000, 0x0000000087b00000|  0%| F|  |TAMS 0x0000000087a00000, 0x0000000087a00000| Untracked 
|  85|0x0000000087b00000, 0x0000000087b00000, 0x0000000087c00000|  0%| F|  |TAMS 0x0000000087b00000, 0x0000000087b00000| Untracked 
|  86|0x0000000087c00000, 0x0000000087c00000, 0x0000000087d00000|  0%| F|  |TAMS 0x0000000087c00000, 0x0000000087c00000| Untracked 
|  87|0x0000000087d00000, 0x0000000087d00000, 0x0000000087e00000|  0%| F|  |TAMS 0x0000000087d00000, 0x0000000087d00000| Untracked 
|  88|0x0000000087e00000, 0x0000000087e00000, 0x0000000087f00000|  0%| F|  |TAMS 0x0000000087e00000, 0x0000000087e00000| Untracked 
|  89|0x0000000087f00000, 0x0000000087f00000, 0x0000000088000000|  0%| F|  |TAMS 0x0000000087f00000, 0x0000000087f00000| Untracked 
|  90|0x0000000088000000, 0x0000000088000000, 0x0000000088100000|  0%| F|  |TAMS 0x0000000088000000, 0x0000000088000000| Untracked 
|  91|0x0000000088100000, 0x0000000088100000, 0x0000000088200000|  0%| F|  |TAMS 0x0000000088100000, 0x0000000088100000| Untracked 
|  92|0x0000000088200000, 0x0000000088200000, 0x0000000088300000|  0%| F|  |TAMS 0x0000000088200000, 0x0000000088200000| Untracked 
|  93|0x0000000088300000, 0x0000000088300000, 0x0000000088400000|  0%| F|  |TAMS 0x0000000088300000, 0x0000000088300000| Untracked 
|  94|0x0000000088400000, 0x0000000088400000, 0x0000000088500000|  0%| F|  |TAMS 0x0000000088400000, 0x0000000088400000| Untracked 
|  95|0x0000000088500000, 0x0000000088500000, 0x0000000088600000|  0%| F|  |TAMS 0x0000000088500000, 0x0000000088500000| Untracked 
|  96|0x0000000088600000, 0x0000000088600000, 0x0000000088700000|  0%| F|  |TAMS 0x0000000088600000, 0x0000000088600000| Untracked 
|  97|0x0000000088700000, 0x0000000088700000, 0x0000000088800000|  0%| F|  |TAMS 0x0000000088700000, 0x0000000088700000| Untracked 
|  98|0x0000000088800000, 0x0000000088800000, 0x0000000088900000|  0%| F|  |TAMS 0x0000000088800000, 0x0000000088800000| Untracked 
|  99|0x0000000088900000, 0x0000000088900000, 0x0000000088a00000|  0%| F|  |TAMS 0x0000000088900000, 0x0000000088900000| Untracked 
| 100|0x0000000088a00000, 0x0000000088b00000, 0x0000000088b00000|100%| S|CS|TAMS 0x0000000088a00000, 0x0000000088a00000| Complete 
| 101|0x0000000088b00000, 0x0000000088c00000, 0x0000000088c00000|100%| S|CS|TAMS 0x0000000088b00000, 0x0000000088b00000| Complete 
| 102|0x0000000088c00000, 0x0000000088d00000, 0x0000000088d00000|100%| S|CS|TAMS 0x0000000088c00000, 0x0000000088c00000| Complete 
| 103|0x0000000088d00000, 0x0000000088d00000, 0x0000000088e00000|  0%| F|  |TAMS 0x0000000088d00000, 0x0000000088d00000| Untracked 
| 104|0x0000000088e00000, 0x0000000088e00000, 0x0000000088f00000|  0%| F|  |TAMS 0x0000000088e00000, 0x0000000088e00000| Untracked 
| 105|0x0000000088f00000, 0x0000000088f00000, 0x0000000089000000|  0%| F|  |TAMS 0x0000000088f00000, 0x0000000088f00000| Untracked 
| 106|0x0000000089000000, 0x0000000089000000, 0x0000000089100000|  0%| F|  |TAMS 0x0000000089000000, 0x0000000089000000| Untracked 
| 107|0x0000000089100000, 0x0000000089100000, 0x0000000089200000|  0%| F|  |TAMS 0x0000000089100000, 0x0000000089100000| Untracked 
| 108|0x0000000089200000, 0x0000000089200000, 0x0000000089300000|  0%| F|  |TAMS 0x0000000089200000, 0x0000000089200000| Untracked 
| 109|0x0000000089300000, 0x0000000089300000, 0x0000000089400000|  0%| F|  |TAMS 0x0000000089300000, 0x0000000089300000| Untracked 
| 110|0x0000000089400000, 0x0000000089400000, 0x0000000089500000|  0%| F|  |TAMS 0x0000000089400000, 0x0000000089400000| Untracked 
| 111|0x0000000089500000, 0x0000000089500000, 0x0000000089600000|  0%| F|  |TAMS 0x0000000089500000, 0x0000000089500000| Untracked 
| 112|0x0000000089600000, 0x0000000089600000, 0x0000000089700000|  0%| F|  |TAMS 0x0000000089600000, 0x0000000089600000| Untracked 
| 113|0x0000000089700000, 0x0000000089700000, 0x0000000089800000|  0%| F|  |TAMS 0x0000000089700000, 0x0000000089700000| Untracked 
| 114|0x0000000089800000, 0x0000000089800000, 0x0000000089900000|  0%| F|  |TAMS 0x0000000089800000, 0x0000000089800000| Untracked 
| 115|0x0000000089900000, 0x0000000089900000, 0x0000000089a00000|  0%| F|  |TAMS 0x0000000089900000, 0x0000000089900000| Untracked 
| 116|0x0000000089a00000, 0x0000000089a00000, 0x0000000089b00000|  0%| F|  |TAMS 0x0000000089a00000, 0x0000000089a00000| Untracked 
| 117|0x0000000089b00000, 0x0000000089b00000, 0x0000000089c00000|  0%| F|  |TAMS 0x0000000089b00000, 0x0000000089b00000| Untracked 
| 118|0x0000000089c00000, 0x0000000089c00000, 0x0000000089d00000|  0%| F|  |TAMS 0x0000000089c00000, 0x0000000089c00000| Untracked 
| 119|0x0000000089d00000, 0x0000000089d00000, 0x0000000089e00000|  0%| F|  |TAMS 0x0000000089d00000, 0x0000000089d00000| Untracked 
| 120|0x0000000089e00000, 0x0000000089ec82f8, 0x0000000089f00000| 78%| E|  |TAMS 0x0000000089e00000, 0x0000000089e00000| Complete 
| 121|0x0000000089f00000, 0x000000008a000000, 0x000000008a000000|100%| E|CS|TAMS 0x0000000089f00000, 0x0000000089f00000| Complete 
| 122|0x000000008a000000, 0x000000008a100000, 0x000000008a100000|100%| E|CS|TAMS 0x000000008a000000, 0x000000008a000000| Complete 
| 123|0x000000008a100000, 0x000000008a200000, 0x000000008a200000|100%| E|CS|TAMS 0x000000008a100000, 0x000000008a100000| Complete 
| 124|0x000000008a200000, 0x000000008a300000, 0x000000008a300000|100%| E|CS|TAMS 0x000000008a200000, 0x000000008a200000| Complete 
| 125|0x000000008a300000, 0x000000008a400000, 0x000000008a400000|100%| E|CS|TAMS 0x000000008a300000, 0x000000008a300000| Complete 

Card table byte_map: [0x0000020f755b0000,0x0000020f759a0000] _byte_map_base: 0x0000020f7519d000

Marking Bits (Prev, Next): (CMBitMap*) 0x0000020f711bc130, (CMBitMap*) 0x0000020f711bc170
 Prev Bits: [0x0000020f75d90000, 0x0000020f77cf8000)
 Next Bits: [0x0000020f77d00000, 0x0000020f79c68000)

Polling page: 0x0000020f6f980000

Metaspace:

Usage:
  Non-class:     14.13 MB used.
      Class:      1.57 MB used.
       Both:     15.71 MB used.

Virtual space:
  Non-class space:       16.00 MB reserved,      14.25 MB ( 89%) committed,  2 nodes.
      Class space:        1.00 GB reserved,       1.69 MB ( <1%) committed,  1 nodes.
              Both:        1.02 GB reserved,      15.94 MB (  2%) committed. 

Chunk freelists:
   Non-Class:  867.00 KB
       Class:  2.13 MB
        Both:  2.98 MB

MaxMetaspaceSize: 17179869184.00 GB
CompressedClassSpaceSize: 1.00 GB
 - commit_granule_bytes: 65536.
 - commit_granule_words: 8192.
 - virtual_space_node_default_size: 1048576.
 - enlarge_chunks_in_place: 1.
 - new_chunks_are_fully_committed: 0.
 - uncommit_free_chunks: 1.
 - use_allocation_guard: 0.
 - handle_deallocations: 1.


Internal statistics:

num_allocs_failed_limit: 0.
num_arena_births: 242.
num_arena_deaths: 0.
num_vsnodes_births: 3.
num_vsnodes_deaths: 0.
num_space_committed: 255.
num_space_uncommitted: 0.
num_chunks_returned_to_freelist: 0.
num_chunks_taken_from_freelist: 487.
num_chunk_merges: 0.
num_chunk_splits: 289.
num_chunks_enlarged: 165.
num_purges: 0.

CodeHeap 'non-profiled nmethods': size=120000Kb used=555Kb max_used=555Kb free=119444Kb
 bounds [0x0000020f07ad0000, 0x0000020f07d40000, 0x0000020f0f000000]
CodeHeap 'profiled nmethods': size=120000Kb used=2415Kb max_used=2415Kb free=117584Kb
 bounds [0x0000020f005a0000, 0x0000020f00810000, 0x0000020f07ad0000]
CodeHeap 'non-nmethods': size=5760Kb used=1243Kb max_used=1320Kb free=4516Kb
 bounds [0x0000020f00000000, 0x0000020f00270000, 0x0000020f005a0000]
 total_blobs=1780 nmethods=1320 adapters=373
 compilation: enabled
              stopped_count=0, restarted_count=0
 full_count=0

Compilation events (20 events):
Event: 1.041 Thread 0x0000020f7d04aff0 nmethod 1310 0x0000020f07b49c10 code [0x0000020f07b49da0, 0x0000020f07b49f28]
Event: 1.043 Thread 0x0000020f7d04c4b0 1313       3       java.util.jar.Manifest::getTrustedAttributes (57 bytes)
Event: 1.043 Thread 0x0000020f7d04c4b0 nmethod 1313 0x0000020f007f8510 code [0x0000020f007f8780, 0x0000020f007f90d8]
Event: 1.046 Thread 0x0000020f7d04c4b0 1314       3       java.lang.invoke.Invokers$Holder::linkToTargetMethod (9 bytes)
Event: 1.046 Thread 0x0000020f7d04c4b0 nmethod 1314 0x0000020f007f9410 code [0x0000020f007f95c0, 0x0000020f007f9998]
Event: 1.046 Thread 0x0000020f7d04c4b0 1315       3       java.util.ArrayList::contains (14 bytes)
Event: 1.046 Thread 0x0000020f7d04c4b0 nmethod 1315 0x0000020f007f9a90 code [0x0000020f007f9c40, 0x0000020f007f9e88]
Event: 1.046 Thread 0x0000020f7d04c4b0 1316       3       java.util.ArrayList::indexOf (11 bytes)
Event: 1.046 Thread 0x0000020f7d04c4b0 nmethod 1316 0x0000020f007f9f90 code [0x0000020f007fa140, 0x0000020f007fa2a8]
Event: 1.048 Thread 0x0000020f7d04c4b0 1317       3       com.sun.org.apache.xerces.internal.xni.QName::clear (21 bytes)
Event: 1.048 Thread 0x0000020f7d04c4b0 nmethod 1317 0x0000020f007fa390 code [0x0000020f007fa540, 0x0000020f007fa718]
Event: 1.048 Thread 0x0000020f7d04c4b0 1318       3       com.sun.org.apache.xerces.internal.xni.QName::<init> (9 bytes)
Event: 1.048 Thread 0x0000020f7d04c4b0 nmethod 1318 0x0000020f007fa790 code [0x0000020f007fa940, 0x0000020f007fabd8]
Event: 1.052 Thread 0x0000020f7d04c4b0 1319       3       com.sun.org.apache.xerces.internal.utils.XMLSecurityManager::isOverLimit (111 bytes)
Event: 1.052 Thread 0x0000020f7d04c4b0 nmethod 1319 0x0000020f007fac90 code [0x0000020f007faea0, 0x0000020f007fb4d8]
Event: 1.052 Thread 0x0000020f7d04c4b0 1320       3       com.sun.org.apache.xerces.internal.utils.XMLSecurityManager::isOverLimit (10 bytes)
Event: 1.052 Thread 0x0000020f7d04c4b0 nmethod 1320 0x0000020f007fb710 code [0x0000020f007fb8c0, 0x0000020f007fba48]
Event: 1.052 Thread 0x0000020f7d04c4b0 1321       3       com.sun.org.apache.xerces.internal.utils.XMLLimitAnalyzer::getTotalValue (7 bytes)
Event: 1.052 Thread 0x0000020f7d04c4b0 nmethod 1321 0x0000020f007fbb10 code [0x0000020f007fbca0, 0x0000020f007fbdd8]
Event: 1.337 Thread 0x0000020f7d2ee5b0 nmethod 1258 0x0000020f07b4a090 code [0x0000020f07b4afc0, 0x0000020f07b55bc0]

GC Heap History (2 events):
Event: 0.919 GC heap before
{Heap before GC invocations=0 (full 0):
 garbage-first heap   total 129024K, used 23552K [0x0000000082600000, 0x0000000100000000)
  region size 1024K, 23 young (23552K), 0 survivors (0K)
 Metaspace       used 14073K, committed 14272K, reserved 1064960K
  class space    used 1365K, committed 1472K, reserved 1048576K
}
Event: 0.924 GC heap after
{Heap after GC invocations=1 (full 0):
 garbage-first heap   total 129024K, used 6673K [0x0000000082600000, 0x0000000100000000)
  region size 1024K, 3 young (3072K), 3 survivors (3072K)
 Metaspace       used 14073K, committed 14272K, reserved 1064960K
  class space    used 1365K, committed 1472K, reserved 1048576K
}

Deoptimization events (20 events):
Event: 0.745 Thread 0x0000020f7117eaf0 DEOPT PACKING pc=0x0000020f006ff7ac sp=0x000000fc381fed10
Event: 0.745 Thread 0x0000020f7117eaf0 DEOPT UNPACKING pc=0x0000020f0004dece sp=0x000000fc381fe1e0 mode 1
Event: 1.017 Thread 0x0000020f7117eaf0 Uncommon trap: trap_request=0xffffffde fr.pc=0x0000020f07b483d4 relative=0x0000000000000134
Event: 1.017 Thread 0x0000020f7117eaf0 Uncommon trap: reason=class_check action=maybe_recompile pc=0x0000020f07b483d4 method=jdk.internal.misc.Unsafe.allocateUninitializedArray(Ljava/lang/Class;I)Ljava/lang/Object; @ 51 c2
Event: 1.017 Thread 0x0000020f7117eaf0 DEOPT PACKING pc=0x0000020f07b483d4 sp=0x000000fc381fe150
Event: 1.017 Thread 0x0000020f7117eaf0 DEOPT UNPACKING pc=0x0000020f0004d72e sp=0x000000fc381fe0d8 mode 2
Event: 1.018 Thread 0x0000020f7117eaf0 Uncommon trap: trap_request=0xffffffde fr.pc=0x0000020f07b483d4 relative=0x0000000000000134
Event: 1.018 Thread 0x0000020f7117eaf0 Uncommon trap: reason=class_check action=maybe_recompile pc=0x0000020f07b483d4 method=jdk.internal.misc.Unsafe.allocateUninitializedArray(Ljava/lang/Class;I)Ljava/lang/Object; @ 51 c2
Event: 1.018 Thread 0x0000020f7117eaf0 DEOPT PACKING pc=0x0000020f07b483d4 sp=0x000000fc381fdd00
Event: 1.018 Thread 0x0000020f7117eaf0 DEOPT UNPACKING pc=0x0000020f0004d72e sp=0x000000fc381fdc88 mode 2
Event: 1.018 Thread 0x0000020f7117eaf0 Uncommon trap: trap_request=0xffffffde fr.pc=0x0000020f07b483d4 relative=0x0000000000000134
Event: 1.018 Thread 0x0000020f7117eaf0 Uncommon trap: reason=class_check action=maybe_recompile pc=0x0000020f07b483d4 method=jdk.internal.misc.Unsafe.allocateUninitializedArray(Ljava/lang/Class;I)Ljava/lang/Object; @ 51 c2
Event: 1.018 Thread 0x0000020f7117eaf0 DEOPT PACKING pc=0x0000020f07b483d4 sp=0x000000fc381fc680
Event: 1.018 Thread 0x0000020f7117eaf0 DEOPT UNPACKING pc=0x0000020f0004d72e sp=0x000000fc381fc608 mode 2
Event: 1.018 Thread 0x0000020f7117eaf0 Uncommon trap: trap_request=0xffffffde fr.pc=0x0000020f07b483d4 relative=0x0000000000000134
Event: 1.018 Thread 0x0000020f7117eaf0 Uncommon trap: reason=class_check action=maybe_recompile pc=0x0000020f07b483d4 method=jdk.internal.misc.Unsafe.allocateUninitializedArray(Ljava/lang/Class;I)Ljava/lang/Object; @ 51 c2
Event: 1.018 Thread 0x0000020f7117eaf0 DEOPT PACKING pc=0x0000020f07b483d4 sp=0x000000fc381fc230
Event: 1.018 Thread 0x0000020f7117eaf0 DEOPT UNPACKING pc=0x0000020f0004d72e sp=0x000000fc381fc1b8 mode 2
Event: 1.052 Thread 0x0000020f7117eaf0 DEOPT PACKING pc=0x0000020f006ff7ac sp=0x000000fc381fdae0
Event: 1.052 Thread 0x0000020f7117eaf0 DEOPT UNPACKING pc=0x0000020f0004dece sp=0x000000fc381fcfb0 mode 1

Classes unloaded (0 events):
No events

Classes redefined (4 events):
Event: 47.090 Thread 0x0000020f7c733c20 redefined class name=testCases.ReadXmlData, count=1
Event: 65.639 Thread 0x0000020f7c733c20 redefined class name=testCases.ReadXmlData, count=2
Event: 306.327 Thread 0x0000020f7c733c20 redefined class name=testCases.ReadXmlData, count=3
Event: 390.095 Thread 0x0000020f7c733c20 redefined class name=testCases.ReadXmlData, count=4

Internal exceptions (20 events):
Event: 0.854 Thread 0x0000020f7117eaf0 Exception <a 'java/lang/NoSuchMethodError'{0x0000000088e12348}: 'int java.lang.invoke.DirectMethodHandle$Holder.invokeStaticInit(java.lang.Object, java.lang.Object, java.lang.Object)'> (0x0000000088e12348) 
thrown [t:\workspace\open\src\hotspot\share\interpreter\linkResolver.cpp, line 790]
Event: 0.898 Thread 0x0000020f7117eaf0 Exception <a 'java/lang/NoSuchMethodError'{0x0000000088d4bed8}: 'java.lang.Object java.lang.invoke.DirectMethodHandle$Holder.invokeInterface(java.lang.Object, java.lang.Object)'> (0x0000000088d4bed8) 
thrown [t:\workspace\open\src\hotspot\share\interpreter\linkResolver.cpp, line 790]
Event: 0.898 Thread 0x0000020f7117eaf0 Exception <a 'java/lang/IncompatibleClassChangeError'{0x0000000088d4f8d0}: Found class java.lang.Object, but interface was expected> (0x0000000088d4f8d0) 
thrown [t:\workspace\open\src\hotspot\share\interpreter\linkResolver.cpp, line 857]
Event: 0.903 Thread 0x0000020f7117eaf0 Exception <a 'java/lang/NoSuchMethodError'{0x0000000088d6b488}: 'java.lang.Object java.lang.invoke.DirectMethodHandle$Holder.invokeSpecial(java.lang.Object, java.lang.Object, java.lang.Object, java.lang.Object, java.lang.Object, java.lang.Object, java.lang.Object, java.lang.Object, java.lang.Object, java.lang.Object)'> (0x0000000088d6b488) 
thrown [t:\workspace\open\src\hotspot\share\interpreter\linkResolver.cpp, line 790]
Event: 0.904 Thread 0x0000020f7117eaf0 Exception <a 'java/lang/NoSuchMethodError'{0x0000000088d76c50}: 'java.lang.Object java.lang.invoke.DirectMethodHandle$Holder.newInvokeSpecial(java.lang.Object, java.lang.Object, java.lang.Object, java.lang.Object, java.lang.Object, java.lang.Object, java.lang.Object, java.lang.Object, java.lang.Object)'> (0x0000000088d76c50) 
thrown [t:\workspace\open\src\hotspot\share\interpreter\linkResolver.cpp, line 790]
Event: 0.904 Thread 0x0000020f7117eaf0 Exception <a 'java/lang/NoSuchMethodError'{0x0000000088d7c0b0}: 'java.lang.Object java.lang.invoke.Invokers$Holder.linkToTargetMethod(java.lang.Object, java.lang.Object, java.lang.Object, java.lang.Object, java.lang.Object, java.lang.Object, java.lang.Object, java.lang.Object, java.lang.Object)'> (0x0000000088d7c0b0) 
thrown [t:\workspace\open\src\hotspot\share\interpreter\linkResolver.cpp, line 790]
Event: 0.910 Thread 0x0000020f7117eaf0 Exception <a 'java/lang/NoSuchMethodError'{0x0000000088dab5d8}: 'java.lang.Object java.lang.invoke.DirectMethodHandle$Holder.newInvokeSpecial(java.lang.Object, java.lang.Object, java.lang.Object, java.lang.Object, java.lang.Object, java.lang.Object, java.lang.Object)'> (0x0000000088dab5d8) 
thrown [t:\workspace\open\src\hotspot\share\interpreter\linkResolver.cpp, line 790]
Event: 0.911 Thread 0x0000020f7117eaf0 Exception <a 'java/lang/NoSuchMethodError'{0x0000000088db0440}: 'java.lang.Object java.lang.invoke.Invokers$Holder.linkToTargetMethod(java.lang.Object, java.lang.Object, java.lang.Object, java.lang.Object, java.lang.Object, java.lang.Object, java.lang.Object)'> (0x0000000088db0440) 
thrown [t:\workspace\open\src\hotspot\share\interpreter\linkResolver.cpp, line 790]
Event: 0.917 Thread 0x0000020f7117eaf0 Exception <a 'java/lang/NoSuchMethodError'{0x0000000088deb408}: 'java.lang.Object java.lang.invoke.DirectMethodHandle$Holder.invokeStatic(java.lang.Object, int, java.lang.Object, java.lang.Object)'> (0x0000000088deb408) 
thrown [t:\workspace\open\src\hotspot\share\interpreter\linkResolver.cpp, line 790]
Event: 0.917 Thread 0x0000020f7117eaf0 Exception <a 'java/lang/NoSuchMethodError'{0x0000000088df2ed8}: 'java.lang.Object java.lang.invoke.DirectMethodHandle$Holder.newInvokeSpecial(java.lang.Object, int, java.lang.Object)'> (0x0000000088df2ed8) 
thrown [t:\workspace\open\src\hotspot\share\interpreter\linkResolver.cpp, line 790]
Event: 0.930 Thread 0x0000020f7117eaf0 Exception <a 'java/lang/NoSuchMethodError'{0x000000008a328198}: 'java.lang.Object java.lang.invoke.DirectMethodHandle$Holder.newInvokeSpecial(java.lang.Object, java.lang.Object, java.lang.Object, java.lang.Object, java.lang.Object)'> (0x000000008a328198) 
thrown [t:\workspace\open\src\hotspot\share\interpreter\linkResolver.cpp, line 790]
Event: 0.945 Thread 0x0000020f7117eaf0 Exception <a 'java/lang/IncompatibleClassChangeError'{0x000000008a3f7528}: Found class java.lang.Object, but interface was expected> (0x000000008a3f7528) 
thrown [t:\workspace\open\src\hotspot\share\interpreter\linkResolver.cpp, line 857]
Event: 0.956 Thread 0x0000020f7117eaf0 Exception <a 'java/lang/NoSuchMethodError'{0x000000008a268d28}: 'java.lang.Object java.lang.invoke.Invokers$Holder.linkToTargetMethod(java.lang.Object, long, java.lang.Object)'> (0x000000008a268d28) 
thrown [t:\workspace\open\src\hotspot\share\interpreter\linkResolver.cpp, line 790]
Event: 0.961 Thread 0x0000020f7117eaf0 Exception <a 'java/lang/NoSuchMethodError'{0x000000008a2ab668}: 'java.lang.Object java.lang.invoke.DirectMethodHandle$Holder.invokeStatic(java.lang.Object, java.lang.Object, java.lang.Object, int, java.lang.Object, java.lang.Object)'> (0x000000008a2ab668) 
thrown [t:\workspace\open\src\hotspot\share\interpreter\linkResolver.cpp, line 790]
Event: 0.962 Thread 0x0000020f7117eaf0 Exception <a 'java/lang/NoSuchMethodError'{0x000000008a2b43a8}: 'java.lang.Object java.lang.invoke.DirectMethodHandle$Holder.newInvokeSpecial(java.lang.Object, java.lang.Object, java.lang.Object, int, java.lang.Object)'> (0x000000008a2b43a8) 
thrown [t:\workspace\open\src\hotspot\share\interpreter\linkResolver.cpp, line 790]
Event: 0.962 Thread 0x0000020f7117eaf0 Exception <a 'java/lang/NoSuchMethodError'{0x000000008a2bc090}: 'java.lang.Object java.lang.invoke.Invokers$Holder.linkToTargetMethod(java.lang.Object, java.lang.Object, int, java.lang.Object, java.lang.Object)'> (0x000000008a2bc090) 
thrown [t:\workspace\open\src\hotspot\share\interpreter\linkResolver.cpp, line 790]
Event: 1.013 Thread 0x0000020f7117eaf0 Exception <a 'java/lang/NoSuchMethodError'{0x000000008a0b3280}: 'int java.lang.invoke.DirectMethodHandle$Holder.invokeInterface(java.lang.Object, java.lang.Object)'> (0x000000008a0b3280) 
thrown [t:\workspace\open\src\hotspot\share\interpreter\linkResolver.cpp, line 790]
Event: 1.013 Thread 0x0000020f7117eaf0 Exception <a 'java/lang/IncompatibleClassChangeError'{0x000000008a0b6738}: Found class java.lang.Object, but interface was expected> (0x000000008a0b6738) 
thrown [t:\workspace\open\src\hotspot\share\interpreter\linkResolver.cpp, line 857]
Event: 1.014 Thread 0x0000020f7117eaf0 Exception <a 'java/lang/NoSuchMethodError'{0x000000008a0b9370}: 'void java.lang.invoke.DirectMethodHandle$Holder.invokeInterface(java.lang.Object, java.lang.Object)'> (0x000000008a0b9370) 
thrown [t:\workspace\open\src\hotspot\share\interpreter\linkResolver.cpp, line 790]
Event: 1.035 Thread 0x0000020f7117eaf0 Exception <a 'java/lang/IncompatibleClassChangeError'{0x0000000089f9cf48}: Found class java.lang.Object, but interface was expected> (0x0000000089f9cf48) 
thrown [t:\workspace\open\src\hotspot\share\interpreter\linkResolver.cpp, line 857]

Events (20 events):
Event: 306.444 Executing  VM operation: get/set locals done
Event: 306.444 Executing  VM operation: get/set locals
Event: 306.444 Executing  VM operation: get/set locals done
Event: 306.445 Executing  VM operation: get/set locals
Event: 306.445 Executing  VM operation: get/set locals done
Event: 306.446 Executing  VM operation: get/set locals
Event: 306.446 Executing  VM operation: get/set locals done
Event: 306.446 Executing  VM operation: get/set locals
Event: 306.446 Executing  VM operation: get/set locals done
Event: 306.447 Executing  VM operation: get/set locals
Event: 306.447 Executing  VM operation: get/set locals done
Event: 308.959 Executing  VM operation: ChangeBreakpoints
Event: 308.960 Executing  VM operation: ChangeBreakpoints done
Event: 390.093 Executing  VM operation: RedefineClasses
Event: 390.098 Executing  VM operation: RedefineClasses done
Event: 390.103 Executing  VM operation: ChangeBreakpoints
Event: 390.104 Executing  VM operation: ChangeBreakpoints done
Event: 390.109 Executing  VM operation: ChangeBreakpoints
Event: 390.110 Executing  VM operation: ChangeBreakpoints done
Event: 390.501 Executing  VM operation: get/set locals


Dynamic libraries:
0x00007ff73d410000 - 0x00007ff73d41e000 	C:\Users\Name\.p2\pool\plugins\org.eclipse.justj.openjdk.hotspot.jre.full.win32.x86_64_16.0.1.v20210528-1205\jre\bin\javaw.exe
0x00007ffaccce0000 - 0x00007ffaccf45000 	C:\WINDOWS\SYSTEM32\ntdll.dll
0x00007ffacb6b0000 - 0x00007ffacb779000 	C:\WINDOWS\System32\KERNEL32.DLL
0x00007ffaca330000 - 0x00007ffaca718000 	C:\WINDOWS\System32\KERNELBASE.dll
0x00007ffaca890000 - 0x00007ffaca9db000 	C:\WINDOWS\System32\ucrtbase.dll
0x00007ffac4d20000 - 0x00007ffac4d39000 	C:\Users\Name\.p2\pool\plugins\org.eclipse.justj.openjdk.hotspot.jre.full.win32.x86_64_16.0.1.v20210528-1205\jre\bin\VCRUNTIME140.dll
0x00007ffac4da0000 - 0x00007ffac4db8000 	C:\Users\Name\.p2\pool\plugins\org.eclipse.justj.openjdk.hotspot.jre.full.win32.x86_64_16.0.1.v20210528-1205\jre\bin\jli.dll
0x00007ffacaab0000 - 0x00007ffacac7a000 	C:\WINDOWS\System32\USER32.dll
0x00007ffab3ab0000 - 0x00007ffab3d4a000 	C:\WINDOWS\WinSxS\amd64_microsoft.windows.common-controls_6595b64144ccf1df_6.0.26100.4202_none_3e0698d4e335f517\COMCTL32.dll
0x00007ffaca860000 - 0x00007ffaca887000 	C:\WINDOWS\System32\win32u.dll
0x00007ffacbce0000 - 0x00007ffacbd89000 	C:\WINDOWS\System32\msvcrt.dll
0x00007ffacc960000 - 0x00007ffacc98b000 	C:\WINDOWS\System32\GDI32.dll
0x00007ffaca720000 - 0x00007ffaca857000 	C:\WINDOWS\System32\gdi32full.dll
0x00007ffac9e30000 - 0x00007ffac9ed3000 	C:\WINDOWS\System32\msvcp_win.dll
0x00007ffacbec0000 - 0x00007ffacbef0000 	C:\WINDOWS\System32\IMM32.DLL
0x00007ffac4cb0000 - 0x00007ffac4cbc000 	C:\Users\Name\.p2\pool\plugins\org.eclipse.justj.openjdk.hotspot.jre.full.win32.x86_64_16.0.1.v20210528-1205\jre\bin\vcruntime140_1.dll
0x00007ffa94c10000 - 0x00007ffa94ca1000 	C:\Users\Name\.p2\pool\plugins\org.eclipse.justj.openjdk.hotspot.jre.full.win32.x86_64_16.0.1.v20210528-1205\jre\bin\msvcp140.dll
0x00007ffa72960000 - 0x00007ffa7350b000 	C:\Users\Name\.p2\pool\plugins\org.eclipse.justj.openjdk.hotspot.jre.full.win32.x86_64_16.0.1.v20210528-1205\jre\bin\server\jvm.dll
0x00007ffacca70000 - 0x00007ffaccb23000 	C:\WINDOWS\System32\ADVAPI32.dll
0x00007ffacbf00000 - 0x00007ffacbfa6000 	C:\WINDOWS\System32\sechost.dll
0x00007ffacbbc0000 - 0x00007ffacbcd5000 	C:\WINDOWS\System32\RPCRT4.dll
0x00007ffacc0b0000 - 0x00007ffacc0b8000 	C:\WINDOWS\System32\PSAPI.DLL
0x00007ffaabc00000 - 0x00007ffaabc0a000 	C:\WINDOWS\SYSTEM32\WSOCK32.dll
0x00007ffac0750000 - 0x00007ffac0785000 	C:\WINDOWS\SYSTEM32\WINMM.dll
0x00007ffac32b0000 - 0x00007ffac32bb000 	C:\WINDOWS\SYSTEM32\VERSION.dll
0x00007ffacc0c0000 - 0x00007ffacc134000 	C:\WINDOWS\System32\WS2_32.dll
0x00007ffac8d10000 - 0x00007ffac8d2b000 	C:\WINDOWS\SYSTEM32\kernel.appcore.dll
0x00007ffac4a70000 - 0x00007ffac4a7a000 	C:\Users\Name\.p2\pool\plugins\org.eclipse.justj.openjdk.hotspot.jre.full.win32.x86_64_16.0.1.v20210528-1205\jre\bin\jimage.dll
0x00007ffab3d50000 - 0x00007ffab3f91000 	C:\WINDOWS\SYSTEM32\DBGHELP.DLL
0x00007ffacc5d0000 - 0x00007ffacc955000 	C:\WINDOWS\System32\combase.dll
0x00007ffacb5b0000 - 0x00007ffacb691000 	C:\WINDOWS\System32\OLEAUT32.dll
0x00007ffa9e400000 - 0x00007ffa9e439000 	C:\WINDOWS\SYSTEM32\dbgcore.DLL
0x00007ffaca9e0000 - 0x00007ffacaa79000 	C:\WINDOWS\System32\bcryptPrimitives.dll
0x00007ffaba930000 - 0x00007ffaba96b000 	C:\Users\Name\.p2\pool\plugins\org.eclipse.justj.openjdk.hotspot.jre.full.win32.x86_64_16.0.1.v20210528-1205\jre\bin\jdwp.dll
0x00007ffaba760000 - 0x00007ffaba785000 	C:\Users\Name\.p2\pool\plugins\org.eclipse.justj.openjdk.hotspot.jre.full.win32.x86_64_16.0.1.v20210528-1205\jre\bin\java.dll
0x00007ffabb170000 - 0x00007ffabb188000 	C:\Users\Name\.p2\pool\plugins\org.eclipse.justj.openjdk.hotspot.jre.full.win32.x86_64_16.0.1.v20210528-1205\jre\bin\zip.dll
0x00007ffacae00000 - 0x00007ffacb542000 	C:\WINDOWS\System32\SHELL32.dll
0x00007ffaca1b0000 - 0x00007ffaca324000 	C:\WINDOWS\System32\wintypes.dll
0x00007ffac7ad0000 - 0x00007ffac8328000 	C:\WINDOWS\SYSTEM32\windows.storage.dll
0x00007ffacbda0000 - 0x00007ffacbe91000 	C:\WINDOWS\System32\SHCORE.dll
0x00007ffacad10000 - 0x00007ffacad7a000 	C:\WINDOWS\System32\shlwapi.dll
0x00007ffac9d40000 - 0x00007ffac9d6f000 	C:\WINDOWS\SYSTEM32\profapi.dll
0x00007ffaba920000 - 0x00007ffaba92c000 	C:\Users\Name\.p2\pool\plugins\org.eclipse.justj.openjdk.hotspot.jre.full.win32.x86_64_16.0.1.v20210528-1205\jre\bin\dt_socket.dll
0x00007ffac86b0000 - 0x00007ffac86e3000 	C:\WINDOWS\SYSTEM32\IPHLPAPI.DLL
0x00007ffac9280000 - 0x00007ffac92ea000 	C:\WINDOWS\system32\mswsock.dll
0x00007ffac87a0000 - 0x00007ffac88c7000 	C:\WINDOWS\SYSTEM32\DNSAPI.dll
0x00007ffacb6a0000 - 0x00007ffacb6aa000 	C:\WINDOWS\System32\NSI.dll
0x00007ffac0740000 - 0x00007ffac074b000 	C:\Windows\System32\rasadhlp.dll
0x00007ffac2500000 - 0x00007ffac2586000 	C:\WINDOWS\System32\fwpuclnt.dll
0x00007ffaba740000 - 0x00007ffaba759000 	C:\Users\Name\.p2\pool\plugins\org.eclipse.justj.openjdk.hotspot.jre.full.win32.x86_64_16.0.1.v20210528-1205\jre\bin\net.dll
0x00007ffac2d00000 - 0x00007ffac2e1e000 	C:\WINDOWS\SYSTEM32\WINHTTP.dll
0x00007ffaabcc0000 - 0x00007ffaabcd3000 	C:\Users\Name\.p2\pool\plugins\org.eclipse.justj.openjdk.hotspot.jre.full.win32.x86_64_16.0.1.v20210528-1205\jre\bin\nio.dll
0x00007ffac9530000 - 0x00007ffac954b000 	C:\WINDOWS\SYSTEM32\CRYPTSP.dll
0x00007ffac8c70000 - 0x00007ffac8caa000 	C:\WINDOWS\system32\rsaenh.dll
0x00007ffac9320000 - 0x00007ffac934b000 	C:\WINDOWS\SYSTEM32\USERENV.dll
0x00007ffac9d10000 - 0x00007ffac9d36000 	C:\WINDOWS\SYSTEM32\bcrypt.dll
0x00007ffac9550000 - 0x00007ffac955c000 	C:\WINDOWS\SYSTEM32\CRYPTBASE.dll
0x00007ffac32c0000 - 0x00007ffac32df000 	C:\WINDOWS\SYSTEM32\dhcpcsvc6.DLL
0x00007ffac2cd0000 - 0x00007ffac2cf5000 	C:\WINDOWS\SYSTEM32\dhcpcsvc.DLL

dbghelp: loaded successfully - version: 4.0.5 - missing functions: none
symbol engine: initialized successfully - sym options: 0x614 - pdb path: .;C:\Users\Name\.p2\pool\plugins\org.eclipse.justj.openjdk.hotspot.jre.full.win32.x86_64_16.0.1.v20210528-1205\jre\bin;C:\WINDOWS\SYSTEM32;C:\WINDOWS\WinSxS\amd64_microsoft.windows.common-controls_6595b64144ccf1df_6.0.26100.4202_none_3e0698d4e335f517;C:\Users\Name\.p2\pool\plugins\org.eclipse.justj.openjdk.hotspot.jre.full.win32.x86_64_16.0.1.v20210528-1205\jre\bin\server

VM Arguments:
jvm_args: -XX:+ShowCodeDetailsInExceptionMessages -agentlib:jdwp=transport=dt_socket,suspend=y,address=localhost:51786 -ea -Dfile.encoding=windows-1252 -Dstdout.encoding=windows-1252 -Dstderr.encoding=windows-1252 
java_command: org.testng.remote.RemoteTestNG -serport 51785 -protocol json -d C:\eclipse-workspace\bddFramework\test-output C:\Users\Name\AppData\Local\Temp\testng-eclipse--23587496\testng-customsuite.xml
java_class_path (initial): C:\Users\Name\eclipse\java-2025-06\eclipse\configuration\org.eclipse.osgi\525\0\.cp\lib\testng-remote.jar;C:\eclipse-workspace\bddFramework\target\test-classes;C:\eclipse-workspace\bddFramework\target\classes;C:\Users\Name\.m2\repository\org\seleniumhq\selenium\selenium-java\4.33.0\selenium-java-4.33.0.jar;C:\Users\Name\.m2\repository\org\seleniumhq\selenium\selenium-api\4.33.0\selenium-api-4.33.0.jar;C:\Users\Name\.m2\repository\org\jspecify\jspecify\1.0.0\jspecify-1.0.0.jar;C:\Users\Name\.m2\repository\org\seleniumhq\selenium\selenium-chrome-driver\4.33.0\selenium-chrome-driver-4.33.0.jar;C:\Users\Name\.m2\repository\com\google\auto\service\auto-service-annotations\1.1.1\auto-service-annotations-1.1.1.jar;C:\Users\Name\.m2\repository\org\seleniumhq\selenium\selenium-chromium-driver\4.33.0\selenium-chromium-driver-4.33.0.jar;C:\Users\Name\.m2\repository\org\seleniumhq\selenium\selenium-json\4.33.0\selenium-json-4.33.0.jar;C:\Users\Name\.m2\repository\org\seleniumhq\selenium\selenium-manager\4.33.0\selenium-manager-4.33.0.jar;C:\Users\Name\.m2\repository\org\seleniumhq\selenium\selenium-devtools-v135\4.33.0\selenium-devtools-v135-4.33.0.jar;C:\Users\Name\.m2\repository\org\seleniumhq\selenium\selenium-devtools-v136\4.33.0\selenium-devtools-v136-4.33.0.jar;C:\Users\Name\.m2\repository\org\seleniumhq\selenium\selenium-devtools-v137\4.33.0\selenium-devtools-v137-4.33.0.jar;C:\Users\Name\.m2\repository\org\seleniumhq\selenium\selenium-edge-driver\4.33.0\selenium-edge-driver-4.33.0.jar;C:\Users\Name\.m2\repository\org\seleniumhq\selenium\selenium-firefox-driver\4.33.0\selenium-firefox-driver-4.33.0.jar;C:\Users\Name\.m2\repository\org\seleniumhq\selenium\selenium-http\4.33.0\selenium-http-4.33.0.jar;C:\Users\Name\.m2\repository\org\seleniumhq\selenium\selenium-ie-driver\4.33.0\selenium-ie-driver-4.33.0.jar;C:\Users\Name\.m2\repository\org\seleniumhq\selenium\selenium-remote-driver\4.33.0\selenium-remote-driver-4.33.0.jar;C:\Users\Name\.m2\rep
Launcher Type: SUN_STANDARD

[Global flags]
     intx CICompilerCount                          = 4                                         {product} {ergonomic}
     uint ConcGCThreads                            = 2                                         {product} {ergonomic}
     uint G1ConcRefinementThreads                  = 8                                         {product} {ergonomic}
   size_t G1HeapRegionSize                         = 1048576                                   {product} {ergonomic}
    uintx GCDrainStackTargetSize                   = 64                                        {product} {ergonomic}
   size_t InitialHeapSize                          = 132120576                                 {product} {ergonomic}
   size_t MarkStackSize                            = 4194304                                   {product} {ergonomic}
   size_t MaxHeapSize                              = 2107637760                                {product} {ergonomic}
   size_t MaxNewSize                               = 1264582656                                {product} {ergonomic}
   size_t MinHeapDeltaBytes                        = 1048576                                   {product} {ergonomic}
   size_t MinHeapSize                              = 8388608                                   {product} {ergonomic}
    uintx NonNMethodCodeHeapSize                   = 5839372                                {pd product} {ergonomic}
    uintx NonProfiledCodeHeapSize                  = 122909434                              {pd product} {ergonomic}
    uintx ProfiledCodeHeapSize                     = 122909434                              {pd product} {ergonomic}
    uintx ReservedCodeCacheSize                    = 251658240                              {pd product} {ergonomic}
     bool SegmentedCodeCache                       = true                                      {product} {ergonomic}
     bool ShowCodeDetailsInExceptionMessages       = true                                   {manageable} {command line}
   size_t SoftMaxHeapSize                          = 2107637760                             {manageable} {ergonomic}
     bool UseCompressedClassPointers               = true                           {product lp64_product} {ergonomic}
     bool UseCompressedOops                        = true                           {product lp64_product} {ergonomic}
     bool UseG1GC                                  = true                                      {product} {ergonomic}
     bool UseLargePagesIndividualAllocation        = false                                  {pd product} {ergonomic}

Logging:
Log output configuration:
 #0: stdout all=warning uptime,level,tags
 #1: stderr all=off uptime,level,tags

Environment Variables:
PATH=C:\Users\Name\.p2\pool\plugins\org.eclipse.justj.openjdk.hotspot.jre.full.win32.x86_64_16.0.1.v20210528-1205\jre\bin;C:/Users/Name/.p2/pool/plugins/org.eclipse.justj.openjdk.hotspot.jre.full.win32.x86_64_21.0.7.v20250502-0916/jre/bin/server;C:/Users/Name/.p2/pool/plugins/org.eclipse.justj.openjdk.hotspot.jre.full.win32.x86_64_21.0.7.v20250502-0916/jre/bin;C:\Program Files (x86)\Common Files\Oracle\Java\javapath;C:\Program Files (x86)\Razer\ChromaBroadcast\bin;C:\Program Files\Razer\ChromaBroadcast\bin;C:\Program Files (x86)\Intel\Intel(R) Management Engine Components\iCLS\;C:\Program Files\Intel\Intel(R) Management Engine Components\iCLS\;C:\Windows\system32;C:\Windows;C:\Windows\System32\Wbem;C:\Windows\System32\WindowsPowerShell\v1.0\;C:\Program Files (x86)\Intel\Intel(R) Management Engine Components\DAL;C:\Program Files\Intel\Intel(R) Management Engine Components\DAL;C:\Program Files (x86)\Intel\Intel(R) Management Engine Components\IPT;C:\Program Files\Intel\Intel(R) Management Engine Components\IPT;C:\Program Files (x86)\NVIDIA Corporation\PhysX\Common;C:\WINDOWS\system32;C:\WINDOWS;C:\WINDOWS\System32\Wbem;C:\WINDOWS\System32\WindowsPowerShell\v1.0\;C:\WINDOWS\System32\OpenSSH\;C:\WINDOWS\system32\config\systemprofile\AppData\Local\Microsoft\WindowsApps;C:\Program Files\Git\cmd;C:\Program Files\Git\mingw64\bin;C:\Program Files\Git\usr\bin;C:\Program Files\Intel\WiFi\bin\;C:\Program Files\Common Files\Intel\WirelessCommon\;C:\Program Files\nodejs\;C:\Program Files\Docker\Docker\resources\bin;C:\ProgramData\DockerDesktop\version-bin;C:\Program Files\NVIDIA Corporation\NVIDIA NvDLISR;C:\WINDOWS\system32;C:\WINDOWS;C:\WINDOWS\System32\Wbem;C:\WINDOWS\System32\WindowsPowerShell\v1.0\;C:\WINDOWS\System32\OpenSSH\;C:\Users\Name\AppData\Local\Programs\Python\Python37\Scripts\;C:\Users\Name\AppData\Local\Programs\Python\Python37\;C:\Users\Name\AppData\Local\Microsoft\WindowsApps;C:\Users\Name\AppData\Local\Programs\Microsoft VS Code\bin;C:\Program Files\Git\bin\git.e
USERNAME=Name
OS=Windows_NT
PROCESSOR_IDENTIFIER=Intel64 Family 6 Model 158 Stepping 10, GenuineIntel



---------------  S Y S T E M  ---------------

OS:
 Windows 10 , 64 bit Build 26100 (10.0.26100.4202)
OS uptime: 0 days 2:43 hours

CPU: total 8 (initial active 8) (4 cores per cpu, 2 threads per core) family 6 model 158 stepping 10 microcode 0xde, cx8, cmov, fxsr, ht, mmx, 3dnowpref, sse, sse2, sse3, ssse3, sse4.1, sse4.2, popcnt, lzcnt, tsc, tscinvbit, avx, avx2, aes, erms, clmul, bmi1, bmi2, adx, fma, vzeroupper, clflush, clflushopt

Memory: 4k page, system-wide physical 8034M (1175M free)
TotalPageFile size 12898M (AvailPageFile size 2854M)
current process WorkingSet (physical memory assigned to process): 88M, peak: 114M
current process commit charge ("private bytes"): 222M, peak: 248M

vm_info: OpenJDK 64-Bit Server VM (16.0.1+9-24) for windows-amd64 JRE (16.0.1+9-24), built on Mar 26 2021 19:30:07 by "mach5one" with MS VC++ 16.7 (VS2019)

END.
